[2018-04-24 11:04:13] Текст ошибки: Страница не найдена | Файл: /var/www/myphpcms.loc/public/index.php | Строка: 14
=================
[2018-04-24 11:04:47] Текст ошибки: Страница не найдена | Файл: /var/www/myphpcms.loc/public/index.php | Строка: 14
=================
[2018-04-24 11:12:25] Текст ошибки: Страница не найдена | Файл: /var/www/myphpcms.loc/public/index.php | Строка: 14
=================
[2018-04-24 11:12:50] Текст ошибки: Страница не найдена | Файл: /var/www/myphpcms.loc/public/index.php | Строка: 14
=================
[2018-04-24 11:13:05] Текст ошибки: Страница не найдена | Файл: /var/www/myphpcms.loc/public/index.php | Строка: 14
=================
[2018-04-24 11:19:51] Текст ошибки: Страница не найдена | Файл: /var/www/myphpcms.loc/public/index.php | Строка: 14
=================
[2018-04-25 11:25:42] Текст ошибки: Страница не найдена | Файл: /var/www/myphpcms.loc/vendor/ishop/core/Router.php | Строка: 33
=================
[2018-04-25 12:13:15] Текст ошибки: Контроллер app\controllers\PageAboutController не найден | Файл: /var/www/myphpcms.loc/vendor/ishop/core/Router.php | Строка: 40
=================
[2018-04-25 12:15:41] Текст ошибки: Контроллер app\controllers\PageAboutController не найден | Файл: /var/www/myphpcms.loc/vendor/ishop/core/Router.php | Строка: 40
=================
[2018-04-25 12:22:03] Текст ошибки: Контроллер app\controllers\PageAboutController не найден | Файл: /var/www/myphpcms.loc/vendor/ishop/core/Router.php | Строка: 45
=================
[2018-04-25 12:22:24] Текст ошибки: Контроллер app\controllers\PageAboutController не найден | Файл: /var/www/myphpcms.loc/vendor/ishop/core/Router.php | Строка: 45
=================
[2018-04-25 12:22:28] Текст ошибки: Метод app\controllers\PageController::indexAction не найден | Файл: /var/www/myphpcms.loc/vendor/ishop/core/Router.php | Строка: 42
=================
[2018-04-25 12:22:31] Текст ошибки: Метод app\controllers\PageController::indexAction не найден | Файл: /var/www/myphpcms.loc/vendor/ishop/core/Router.php | Строка: 42
=================
[2018-04-25 14:18:50] Текст ошибки: Страница не найдена | Файл: /var/www/myphpcms.loc/vendor/ishop/core/Router.php | Строка: 49
=================
[2018-04-25 14:18:50] Текст ошибки: Страница не найдена | Файл: /var/www/myphpcms.loc/vendor/ishop/core/Router.php | Строка: 49
=================
[2018-04-26 09:34:38] Текст ошибки: Страница не найдена | Файл: /var/www/myphpcms.loc/vendor/ishop/core/Router.php | Строка: 49
=================
[2018-04-26 09:34:38] Текст ошибки: Страница не найдена | Файл: /var/www/myphpcms.loc/vendor/ishop/core/Router.php | Строка: 49
=================
[2018-04-26 09:51:08] Текст ошибки: Контроллер app\controllers\HggController не найден | Файл: /var/www/myphpcms.loc/vendor/ishop/core/Router.php | Строка: 45
=================
[2018-04-26 11:18:17] Текст ошибки: На найден вид /var/www/myphpcms.loc/app/views/Main/index.php | Файл: /var/www/myphpcms.loc/vendor/ishop/core/base/View.php | Строка: 39
=================
[2018-04-26 11:19:11] Текст ошибки: На найден шаблон /var/www/myphpcms.locdefault | Файл: /var/www/myphpcms.loc/vendor/ishop/core/base/View.php | Строка: 46
=================
[2018-04-26 11:20:50] Текст ошибки: На найден шаблон /var/www/myphpcms.locdefault | Файл: /var/www/myphpcms.loc/vendor/ishop/core/base/View.php | Строка: 46
=================
[2018-04-26 11:21:39] Текст ошибки: На найден шаблон /var/www/myphpcms.locdefault | Файл: /var/www/myphpcms.loc/vendor/ishop/core/base/View.php | Строка: 46
=================
[2018-04-26 11:39:55] Текст ошибки: На найден шаблон default | Файл: /var/www/myphpcms.loc/vendor/ishop/core/base/View.php | Строка: 46
=================
[2018-04-26 11:43:27] Текст ошибки: На найден шаблон test | Файл: /var/www/myphpcms.loc/vendor/ishop/core/base/View.php | Строка: 46
=================
[2018-04-27 09:18:51] Текст ошибки: Страница не найдена | Файл: /var/www/myphpcms.loc/vendor/ishop/core/Router.php | Строка: 50
=================
[2018-04-27 09:18:52] Текст ошибки: Страница не найдена | Файл: /var/www/myphpcms.loc/vendor/ishop/core/Router.php | Строка: 50
=================
[2018-04-27 09:22:29] Текст ошибки: Страница не найдена | Файл: /var/www/myphpcms.loc/vendor/ishop/core/Router.php | Строка: 50
=================
[2018-04-27 11:03:54] Текст ошибки: Контроллер app\controllers\HvnbvnbController не найден | Файл: /var/www/myphpcms.loc/vendor/ishop/core/Router.php | Строка: 47
=================
[2018-04-27 11:38:35] Текст ошибки: Class 'ishop\base\Db' not found | Файл: /var/www/myphpcms.loc/vendor/ishop/core/base/Model.php | Строка: 19
=================
